<?xml version="1.0" encoding="UTF-8"?>
<!-- Generated by org.testng.reporters.JUnitReportReporter -->
<testsuite hostname="Ganganayak" failures="0" tests="3" name="com.iiiiinetbanking.testcases.NewCustomerTC_001" time="354.875" errors="0" timestamp="2023-07-31T10:24:16 IST" skipped="0">
  <testcase classname="com.iiiiinetbanking.testcases.NewCustomerTC_001" name="createNewCustomerTC_002" time="117.446"/>
  <system-out/>
  <testcase classname="com.iiiiinetbanking.testcases.NewCustomerTC_001" name="createNewCustomerTC_002" time="119.102"/>
  <system-out/>
  <testcase classname="com.iiiiinetbanking.testcases.NewCustomerTC_001" name="createNewCustomerTC_002" time="118.327"/>
  <system-out/>
</testsuite> <!-- com.iiiiinetbanking.testcases.NewCustomerTC_001 -->
