<?xml version="1.0" encoding="UTF-8"?>
<!-- Generated by org.testng.reporters.JUnitReportReporter -->
<testsuite hostname="Ganganayak" failures="0" tests="1" name="com.iiiiinetbanking.testcases.HomeTC_001" time="3.176" errors="0" timestamp="2023-07-18T13:25:45 IST" skipped="0">
  <testcase classname="com.iiiiinetbanking.testcases.HomeTC_001" name="navifateToNewCustomerTC_001" time="3.176"/>
  <system-out/>
</testsuite> <!-- com.iiiiinetbanking.testcases.HomeTC_001 -->
