<?xml version="1.0" encoding="UTF-8"?>
<!-- Generated by org.testng.reporters.JUnitReportReporter -->
<testsuite hostname="Ganganayak" failures="0" tests="1" name="com.iiiiinetbanking.testbase.TestBase" time="0.006" errors="0" timestamp="2023-07-08T17:28:44 IST" skipped="0">
  <testcase classname="com.iiiiinetbanking.testbase.TestBase" name="loginTC_001" time="0.006"/>
  <system-out/>
</testsuite> <!-- com.iiiiinetbanking.testbase.TestBase -->
