<?xml version="1.0" encoding="UTF-8"?>
<!-- Generated by org.testng.reporters.JUnitReportReporter -->
<testsuite hostname="Ganganayak" failures="0" tests="1" name="com.iiiiinetbanking.testcases.LoginTC_002" time="102.657" errors="0" timestamp="2023-08-01T10:56:58 IST" skipped="0">
  <testcase classname="com.iiiiinetbanking.testcases.LoginTC_002" name="verifyLoginFunctionalityTC_001" time="102.657"/>
  <system-out/>
</testsuite> <!-- com.iiiiinetbanking.testcases.LoginTC_002 -->
