<?xml version="1.0" encoding="UTF-8"?>
<!-- Generated by org.testng.reporters.JUnitReportReporter -->
<testsuite hostname="Ganganayak" failures="0" tests="1" name="com.iiiiinetbanking.testcases.LoginTC_001" time="2.044" errors="0" timestamp="2023-07-15T13:28:51 IST" skipped="0">
  <testcase classname="com.iiiiinetbanking.testcases.LoginTC_001" name="verifyLoginFunctionalityTC_002" time="2.044"/>
  <system-out/>
</testsuite> <!-- com.iiiiinetbanking.testcases.LoginTC_001 -->
